---------------------------------------------------------------------------------------------------
      name:  <unnamed>
       log:  C:\Users\omoko\OneDrive\Papers\Dynamic_Panel_Econometrics\Results/stata/22_stata_xtabo
> nd2_parity_reference.log
  log type:  text
 opened on:   5 Jul 2023, 01:14:13

. 
. ********************************************************************************
. * 1. Load controlled dynamic-panel benchmark
. ********************************************************************************
. 
. import delimited using "Data/Processed/22_dynamic_gmm_controlled_panel.csv", clear varnames(1)
(encoding automatically selected: ISO-8859-1)
(8 vars, 1,200 obs)

. 
. describe

Contains data
 Observations:         1,200                  
    Variables:             8                  
---------------------------------------------------------------------------------------------------
Variable      Storage   Display    Value
    name         type    format    label      Variable label
---------------------------------------------------------------------------------------------------
id              int     %8.0g                 
time            byte    %8.0g                 
y               float   %9.0g                 
x_pred          float   %9.0g                 
x_exog          float   %9.0g                 
alpha_true      float   %9.0g                 
eps_true        float   %9.0g                 
l1_y            float   %9.0g                 L1_y
---------------------------------------------------------------------------------------------------
Sorted by: 
     Note: Dataset has changed since last saved.

. summarize y x_pred x_exog id time

    Variable |        Obs        Mean    Std. dev.       Min        Max
-------------+---------------------------------------------------------
           y |      1,200    .6106013    1.883148   -4.34007   7.248223
      x_pred |      1,200   -.0313256    .8875756  -2.894129   3.038392
      x_exog |      1,200    .0134163    1.008614  -3.220811    2.87661
          id |      1,200        60.5    34.65426          1        120
        time |      1,200         5.5    2.873479          1         10

. 
. xtset id time

Panel variable: id (strongly balanced)
 Time variable: time, 1 to 10
         Delta: 1 unit

. 
. * Stata-side lag check; xtabond2 uses L.y directly after xtset.
. capture drop l1_y

. gen l1_y = L.y
(120 missing values generated)

. summarize y l1_y x_pred x_exog id time

    Variable |        Obs        Mean    Std. dev.       Min        Max
-------------+---------------------------------------------------------
           y |      1,200    .6106013    1.883148   -4.34007   7.248223
        l1_y |      1,080    .5641499    1.840355   -4.34007   7.248223
      x_pred |      1,200   -.0313256    .8875756  -2.894129   3.038392
      x_exog |      1,200    .0134163    1.008614  -3.220811    2.87661
          id |      1,200        60.5    34.65426          1        120
-------------+---------------------------------------------------------
        time |      1,200         5.5    2.873479          1         10

. 
. ********************************************************************************
. * 2. Ensure xtabond2 is available
. ********************************************************************************
. 
. capture which xtabond2

. if _rc {
.     ssc install xtabond2, replace
. }

. 
. capture which ranktest

. if _rc {
.     ssc install ranktest, replace
. }

. 
. ********************************************************************************
. * 3. Prepare export containers
. ********************************************************************************
. 
. tempname coeffpost diagpost

. 
. postfile `coeffpost' ///
>     str30 model ///
>     str80 term ///
>     double coefficient ///
>     double std_error ///
>     double z_value ///
>     double p_value ///
>     using "Results/stata/22_stata_xtabond2_coefficients.dta", replace

. 
. postfile `diagpost' ///
>     str30 model ///
>     double N ///
>     double groups ///
>     double instruments ///
>     double hansen_stat ///
>     double hansen_p ///
>     double sargan_stat ///
>     double sargan_p ///
>     double ar1_stat ///
>     double ar1_p ///
>     double ar2_stat ///
>     double ar2_p ///
>     using "Results/stata/22_stata_xtabond2_diagnostics.dta", replace

. 
. ********************************************************************************
. * Helper block is repeated after each model because Stata programs can be fragile
. * across user installations and xtabond2 versions.
. ********************************************************************************
. 
. ********************************************************************************
. * 4. Difference GMM reference
. ********************************************************************************
. 
. display "======================================================================"
======================================================================

. display "Difference GMM: xtabond2 reference"
Difference GMM: xtabond2 reference

. display "======================================================================"
======================================================================

. 
. xtabond2 y x_pred x_exog l1_y, ///
>     gmmstyle(l1_y, lag(2 3) collapse) ///
>     gmmstyle(x_pred, lag(2 3) collapse) ///
>     ivstyle(x_exog) ///
>     noleveleq ///
>     twostep robust small
Favoring space over speed. To switch, type or click on mata: mata set matafavor speed, perm.

Dynamic panel-data estimation, two-step difference GMM
------------------------------------------------------------------------------
Group variable: id                              Number of obs      =       960
Time variable : time                            Number of groups   =       120
Number of instruments = 5                       Obs per group: min =         8
F(3, 120)     =     36.62                                      avg =      8.00
Prob > F      =     0.000                                      max =         8
------------------------------------------------------------------------------
             |              Corrected
           y | Coefficient  std. err.      t    P>|t|     [95% conf. interval]
-------------+----------------------------------------------------------------
      x_pred |   .2373174   .2148343     1.10   0.272    -.1880396    .6626743
      x_exog |   .2701062   .0528292     5.11   0.000     .1655081    .3747043
        l1_y |   .8094802   .2959335     2.74   0.007     .2235523    1.395408
------------------------------------------------------------------------------
Instruments for first differences equation
  Standard
    D.x_exog
  GMM-type (missing=0, separate instruments for each period unless collapsed)
    L(2/3).x_pred collapsed
    L(2/3).l1_y collapsed
------------------------------------------------------------------------------
Arellano-Bond test for AR(1) in first differences: z =  -3.14  Pr > z =  0.002
Arellano-Bond test for AR(2) in first differences: z =  -0.44  Pr > z =  0.657
------------------------------------------------------------------------------
Sargan test of overid. restrictions: chi2(2)    =   0.70  Prob > chi2 =  0.706
  (Not robust, but not weakened by many instruments.)
Hansen test of overid. restrictions: chi2(2)    =   0.75  Prob > chi2 =  0.686
  (Robust, but weakened by many instruments.)

Difference-in-Hansen tests of exogeneity of instrument subsets:
  gmm(l1_y, collapse lag(2 3))
    Hansen test excluding group:     chi2(0)    =   0.00  Prob > chi2 =      .
    Difference (null H = exogenous): chi2(2)    =   0.75  Prob > chi2 =  0.686
  gmm(x_pred, collapse lag(2 3))
    Hansen test excluding group:     chi2(0)    =   0.00  Prob > chi2 =      .
    Difference (null H = exogenous): chi2(2)    =   0.75  Prob > chi2 =  0.686
  iv(x_exog)
    Hansen test excluding group:     chi2(1)    =   0.58  Prob > chi2 =  0.446
    Difference (null H = exogenous): chi2(1)    =   0.17  Prob > chi2 =  0.677


. 
. ereturn list

scalars:
             e(sargan) =  .6974222676215176
             e(sar_df) =  2
            e(sarganp) =  .705596923928544
             e(hansen) =  .7537207986524217
          e(hansen_df) =  2
            e(hansenp) =  .6860118349260955
                  e(N) =  960
               e(sig2) =  .3148652128125392
              e(sigma) =  .5611285171977443
            e(artests) =  2
              e(g_min) =  8
              e(g_max) =  8
                e(N_g) =  120
               e(df_m) =  3
                  e(h) =  3
                  e(F) =  36.62047276669382
                e(F_p) =  7.09034454380e-17
               e(df_r) =  120
              e(g_avg) =  8
                e(ar1) =  -3.141033735958768
                 e(j0) =  5
                  e(j) =  5
               e(ar2p) =  .6568712594645664
                e(ar2) =  -.4442369788938778
               e(ar1p) =  .0016835263867429

macros:
            e(cmdline) : "xtabond2 y x_pred x_exog l1_y,     gmmstyle(l1_y, lag(2 3) collapse) .."
            e(version) : "03.07.00"
                e(cmd) : "xtabond2"
            e(predict) : "xtab2_p"
          e(marginsok) : "XB default"
             e(artype) : "first differences"
            e(esttype) : "difference"
               e(tvar) : "time"
               e(ivar) : "id"
          e(gmminsts2) : "l1_y"
          e(gmminsts1) : "x_pred"
           e(ivinsts1) : "x_exog"
            e(vcetype) : "Corrected"
             e(robust) : "robust"
            e(twostep) : "twostep"
              e(small) : "small"
          e(transform) : "first differences"
             e(depvar) : "y"
         e(diffgroup3) : "iv(x_exog)"
         e(diffgroup2) : "gmm(x_pred, collapse lag(2 3))"
         e(diffgroup1) : "gmm(l1_y, collapse lag(2 3))"
         e(properties) : "b V"

matrices:
                  e(b) :  1 x 3
                  e(V) :  3 x 3
      e(gmmorthogonal) :  1 x 2
       e(gmmlaglimits) :  2 x 2
        e(gmmcollapse) :  1 x 2
        e(gmmpassthru) :  1 x 2
        e(gmmequation) :  1 x 2
               e(ivmz) :  1 x 1
         e(ivpassthru) :  1 x 1
         e(ivequation) :  1 x 1
                 e(A2) :  5 x 5
                 e(A1) :  5 x 5
         e(diffsargan) :  5 x 3
                 e(Ze) :  5 x 1

functions:
             e(sample)   

. 
. matrix b = e(b)

. matrix V = e(V)

. local cn : colfullnames b

. local k = colsof(b)

. 
. forvalues j = 1/`k' {
  2.     local term : word `j' of `cn'
  3. 
.     scalar coef = b[1, `j']
  4.     scalar se = sqrt(V[`j', `j'])
  5. 
.     if se == 0 {
  6.         scalar z = .
  7.         scalar p = .
  8.     }
  9.     else {
 10.         scalar z = coef / se
 11.         scalar p = 2 * normal(-abs(z))
 12.     }
 13. 
.     post `coeffpost' ("Difference GMM") ("`term'") (coef) (se) (z) (p)
 14. }

. 
. scalar N_val = .

. capture scalar N_val = e(N)

. 
. scalar groups_val = .

. capture scalar groups_val = e(N_g)

. 
. scalar inst_val = .

. capture scalar inst_val = e(k_instr)

. capture scalar inst_val = e(k_inst)

. 
. scalar hansen_val = .

. capture scalar hansen_val = e(hansen)

. capture scalar hansen_val = e(j)

. 
. scalar hansen_p_val = .

. capture scalar hansen_p_val = e(hansenp)

. capture scalar hansen_p_val = e(jp)

. 
. scalar sargan_val = .

. capture scalar sargan_val = e(sargan)

. 
. scalar sargan_p_val = .

. capture scalar sargan_p_val = e(sarganp)

. 
. scalar ar1_val = .

. capture scalar ar1_val = e(ar1)

. 
. scalar ar1_p_val = .

. capture scalar ar1_p_val = e(ar1p)

. 
. scalar ar2_val = .

. capture scalar ar2_val = e(ar2)

. 
. scalar ar2_p_val = .

. capture scalar ar2_p_val = e(ar2p)

. 
. post `diagpost' ///
>     ("Difference GMM") ///
>     (N_val) ///
>     (groups_val) ///
>     (inst_val) ///
>     (hansen_val) ///
>     (hansen_p_val) ///
>     (sargan_val) ///
>     (sargan_p_val) ///
>     (ar1_val) ///
>     (ar1_p_val) ///
>     (ar2_val) ///
>     (ar2_p_val)

. 
. ********************************************************************************
. * 5. System GMM reference
. ********************************************************************************
. 
. display "======================================================================"
======================================================================

. display "System GMM: xtabond2 reference"
System GMM: xtabond2 reference

. display "======================================================================"
======================================================================

. 
. xtabond2 y x_pred x_exog l1_y, ///
>     gmmstyle(l1_y, lag(2 3) collapse) ///
>     gmmstyle(x_pred, lag(2 3) collapse) ///
>     ivstyle(x_exog) ///
>     noleveleq ///
>     twostep robust small
Favoring space over speed. To switch, type or click on mata: mata set matafavor speed, perm.

Dynamic panel-data estimation, two-step difference GMM
------------------------------------------------------------------------------
Group variable: id                              Number of obs      =       960
Time variable : time                            Number of groups   =       120
Number of instruments = 5                       Obs per group: min =         8
F(3, 120)     =     36.62                                      avg =      8.00
Prob > F      =     0.000                                      max =         8
------------------------------------------------------------------------------
             |              Corrected
           y | Coefficient  std. err.      t    P>|t|     [95% conf. interval]
-------------+----------------------------------------------------------------
      x_pred |   .2373174   .2148343     1.10   0.272    -.1880396    .6626743
      x_exog |   .2701062   .0528292     5.11   0.000     .1655081    .3747043
        l1_y |   .8094802   .2959335     2.74   0.007     .2235523    1.395408
------------------------------------------------------------------------------
Instruments for first differences equation
  Standard
    D.x_exog
  GMM-type (missing=0, separate instruments for each period unless collapsed)
    L(2/3).x_pred collapsed
    L(2/3).l1_y collapsed
------------------------------------------------------------------------------
Arellano-Bond test for AR(1) in first differences: z =  -3.14  Pr > z =  0.002
Arellano-Bond test for AR(2) in first differences: z =  -0.44  Pr > z =  0.657
------------------------------------------------------------------------------
Sargan test of overid. restrictions: chi2(2)    =   0.70  Prob > chi2 =  0.706
  (Not robust, but not weakened by many instruments.)
Hansen test of overid. restrictions: chi2(2)    =   0.75  Prob > chi2 =  0.686
  (Robust, but weakened by many instruments.)

Difference-in-Hansen tests of exogeneity of instrument subsets:
  gmm(l1_y, collapse lag(2 3))
    Hansen test excluding group:     chi2(0)    =   0.00  Prob > chi2 =      .
    Difference (null H = exogenous): chi2(2)    =   0.75  Prob > chi2 =  0.686
  gmm(x_pred, collapse lag(2 3))
    Hansen test excluding group:     chi2(0)    =   0.00  Prob > chi2 =      .
    Difference (null H = exogenous): chi2(2)    =   0.75  Prob > chi2 =  0.686
  iv(x_exog)
    Hansen test excluding group:     chi2(1)    =   0.58  Prob > chi2 =  0.446
    Difference (null H = exogenous): chi2(1)    =   0.17  Prob > chi2 =  0.677


. 
. ereturn list

scalars:
             e(sargan) =  .6974222676215176
             e(sar_df) =  2
            e(sarganp) =  .705596923928544
             e(hansen) =  .7537207986524217
          e(hansen_df) =  2
            e(hansenp) =  .6860118349260955
                  e(N) =  960
               e(sig2) =  .3148652128125392
              e(sigma) =  .5611285171977443
            e(artests) =  2
              e(g_min) =  8
              e(g_max) =  8
                e(N_g) =  120
               e(df_m) =  3
                  e(h) =  3
                  e(F) =  36.62047276669382
                e(F_p) =  7.09034454380e-17
               e(df_r) =  120
              e(g_avg) =  8
                e(ar1) =  -3.141033735958768
                 e(j0) =  5
                  e(j) =  5
               e(ar2p) =  .6568712594645664
                e(ar2) =  -.4442369788938778
               e(ar1p) =  .0016835263867429

macros:
            e(cmdline) : "xtabond2 y x_pred x_exog l1_y,     gmmstyle(l1_y, lag(2 3) collapse) .."
            e(version) : "03.07.00"
                e(cmd) : "xtabond2"
            e(predict) : "xtab2_p"
          e(marginsok) : "XB default"
             e(artype) : "first differences"
            e(esttype) : "difference"
               e(tvar) : "time"
               e(ivar) : "id"
          e(gmminsts2) : "l1_y"
          e(gmminsts1) : "x_pred"
           e(ivinsts1) : "x_exog"
            e(vcetype) : "Corrected"
             e(robust) : "robust"
            e(twostep) : "twostep"
              e(small) : "small"
          e(transform) : "first differences"
             e(depvar) : "y"
         e(diffgroup3) : "iv(x_exog)"
         e(diffgroup2) : "gmm(x_pred, collapse lag(2 3))"
         e(diffgroup1) : "gmm(l1_y, collapse lag(2 3))"
         e(properties) : "b V"

matrices:
                  e(b) :  1 x 3
                  e(V) :  3 x 3
      e(gmmorthogonal) :  1 x 2
       e(gmmlaglimits) :  2 x 2
        e(gmmcollapse) :  1 x 2
        e(gmmpassthru) :  1 x 2
        e(gmmequation) :  1 x 2
               e(ivmz) :  1 x 1
         e(ivpassthru) :  1 x 1
         e(ivequation) :  1 x 1
                 e(A2) :  5 x 5
                 e(A1) :  5 x 5
         e(diffsargan) :  5 x 3
                 e(Ze) :  5 x 1

functions:
             e(sample)   

. 
. matrix b = e(b)

. matrix V = e(V)

. local cn : colfullnames b

. local k = colsof(b)

. 
. forvalues j = 1/`k' {
  2.     local term : word `j' of `cn'
  3. 
.     scalar coef = b[1, `j']
  4.     scalar se = sqrt(V[`j', `j'])
  5. 
.     if se == 0 {
  6.         scalar z = .
  7.         scalar p = .
  8.     }
  9.     else {
 10.         scalar z = coef / se
 11.         scalar p = 2 * normal(-abs(z))
 12.     }
 13. 
.     post `coeffpost' ("System GMM") ("`term'") (coef) (se) (z) (p)
 14. }

. 
. scalar N_val = .

. capture scalar N_val = e(N)

. 
. scalar groups_val = .

. capture scalar groups_val = e(N_g)

. 
. scalar inst_val = .

. capture scalar inst_val = e(k_instr)

. capture scalar inst_val = e(k_inst)

. 
. scalar hansen_val = .

. capture scalar hansen_val = e(hansen)

. capture scalar hansen_val = e(j)

. 
. scalar hansen_p_val = .

. capture scalar hansen_p_val = e(hansenp)

. capture scalar hansen_p_val = e(jp)

. 
. scalar sargan_val = .

. capture scalar sargan_val = e(sargan)

. 
. scalar sargan_p_val = .

. capture scalar sargan_p_val = e(sarganp)

. 
. scalar ar1_val = .

. capture scalar ar1_val = e(ar1)

. 
. scalar ar1_p_val = .

. capture scalar ar1_p_val = e(ar1p)

. 
. scalar ar2_val = .

. capture scalar ar2_val = e(ar2)

. 
. scalar ar2_p_val = .

. capture scalar ar2_p_val = e(ar2p)

. 
. post `diagpost' ///
>     ("System GMM") ///
>     (N_val) ///
>     (groups_val) ///
>     (inst_val) ///
>     (hansen_val) ///
>     (hansen_p_val) ///
>     (sargan_val) ///
>     (sargan_p_val) ///
>     (ar1_val) ///
>     (ar1_p_val) ///
>     (ar2_val) ///
>     (ar2_p_val)

. 
. ********************************************************************************
. * 6. Export Stata coefficient and diagnostic outputs
. ********************************************************************************
. 
. postclose `coeffpost'

. postclose `diagpost'

. 
. use "Results/stata/22_stata_xtabond2_coefficients.dta", clear

. export delimited using "Results/stata/22_stata_xtabond2_coefficients.csv", replace
file Results/stata/22_stata_xtabond2_coefficients.csv saved

. 
. preserve

. keep if model == "Difference GMM"
(3 observations deleted)

. export delimited using "Results/stata/22_stata_difference_gmm_coefficients.csv", replace
file Results/stata/22_stata_difference_gmm_coefficients.csv saved

. restore

. 
. preserve

. keep if model == "System GMM"
(3 observations deleted)

. export delimited using "Results/stata/22_stata_system_gmm_coefficients.csv", replace
file Results/stata/22_stata_system_gmm_coefficients.csv saved

. restore

. 
. copy "Results/stata/22_stata_xtabond2_coefficients.csv" ///
>      "Artifacts/Joss/tables/22_stata_xtabond2_coefficients.csv", replace

. 
. copy "Results/stata/22_stata_difference_gmm_coefficients.csv" ///
>      "Artifacts/Joss/tables/22_stata_difference_gmm_coefficients.csv", replace

. 
. copy "Results/stata/22_stata_system_gmm_coefficients.csv" ///
>      "Artifacts/Joss/tables/22_stata_system_gmm_coefficients.csv", replace

. 
. use "Results/stata/22_stata_xtabond2_diagnostics.dta", clear

. export delimited using "Results/stata/22_stata_xtabond2_diagnostics.csv", replace
file Results/stata/22_stata_xtabond2_diagnostics.csv saved

. 
. copy "Results/stata/22_stata_xtabond2_diagnostics.csv" ///
>      "Artifacts/Joss/tables/22_stata_xtabond2_diagnostics.csv", replace

. 
. ********************************************************************************
. * 7. Finish
. ********************************************************************************
. 
. display "======================================================================"
======================================================================

. display "Stata xtabond2 parity reference complete."
Stata xtabond2 parity reference complete.

. display "Outputs:"
Outputs:

. display "  Results/stata/22_stata_xtabond2_coefficients.csv"
  Results/stata/22_stata_xtabond2_coefficients.csv

. display "  Results/stata/22_stata_difference_gmm_coefficients.csv"
  Results/stata/22_stata_difference_gmm_coefficients.csv

. display "  Results/stata/22_stata_system_gmm_coefficients.csv"
  Results/stata/22_stata_system_gmm_coefficients.csv

. display "  Results/stata/22_stata_xtabond2_diagnostics.csv"
  Results/stata/22_stata_xtabond2_diagnostics.csv

. display "  Artifacts/Joss/tables/22_stata_xtabond2_coefficients.csv"
  Artifacts/Joss/tables/22_stata_xtabond2_coefficients.csv

. display "  Artifacts/Joss/tables/22_stata_xtabond2_diagnostics.csv"
  Artifacts/Joss/tables/22_stata_xtabond2_diagnostics.csv

. display "======================================================================"
======================================================================

. 
. log close
      name:  <unnamed>
       log:  C:\Users\omoko\OneDrive\Papers\Dynamic_Panel_Econometrics\Results/stata/22_stata_xtabo
> nd2_parity_reference.log
  log type:  text
 closed on:   5 Jul 2023, 01:14:15
---------------------------------------------------------------------------------------------------
